<?xml version="1.0" encoding="UTF-8"?>
<!-- Generated by org.testng.reporters.JUnitReportReporter -->
<testsuite hostname="LAPTOP-JD64RE6Q" failures="0" tests="6" name="Selenium.ChromeTest" time="18.481" errors="0" timestamp="2021-11-13T13:34:19 IST" skipped="0">
  <testcase classname="Selenium.ChromeTest" name="demo" time="0.004"/>
  <system-out/>
  <testcase classname="Selenium.ChromeTest" name="demo" time="0.005"/>
  <system-out/>
  <testcase classname="Selenium.ChromeTest" name="demo" time="0.004"/>
  <system-out/>
  <testcase classname="Selenium.ChromeTest" name="testcase" time="18.451"/>
  <system-out/>
  <testcase classname="Selenium.ChromeTest" name="demo" time="0.013"/>
  <system-out/>
  <testcase classname="Selenium.ChromeTest" name="demo" time="0.004"/>
  <system-out/>
</testsuite> <!-- Selenium.ChromeTest -->
