<?xml version="1.0" encoding="UTF-8"?>
<!-- Generated by org.testng.reporters.JUnitReportReporter -->
<testsuite hostname="LAPTOP-JD64RE6Q" failures="0" tests="1" name="com.rameshsoft.automation.seleniumcore1.Demo4" time="0.003" errors="0" timestamp="2021-10-19T00:01:49 IST" skipped="0">
  <testcase classname="com.rameshsoft.automation.seleniumcore1.Demo4" name="job4" time="0.003"/>
  <system-out/>
</testsuite> <!-- com.rameshsoft.automation.seleniumcore1.Demo4 -->
