<?xml version="1.0" encoding="UTF-8"?>
<!-- Generated by org.testng.reporters.JUnitReportReporter -->
<testsuite hostname="LAPTOP-JD64RE6Q" failures="0" tests="2" name="com.automation.Demo1" time="0.005" errors="0" timestamp="2021-12-29T20:18:41 IST" skipped="0">
  <testcase classname="com.automation.Demo1" name="job1" time="0.002"/>
  <system-out/>
  <testcase classname="com.automation.Demo1" name="practice1" time="0.003"/>
  <system-out/>
</testsuite> <!-- com.automation.Demo1 -->
