<?xml version="1.0" encoding="UTF-8"?>
<!-- Generated by org.testng.reporters.JUnitReportReporter -->
<testsuite hostname="LAPTOP-JD64RE6Q" failures="0" tests="1" name="com.rameshsoft.automation.seleniumadv.Demo3" time="0.012" errors="0" timestamp="2021-10-19T00:41:18 IST" skipped="0">
  <testcase classname="com.rameshsoft.automation.seleniumadv.Demo3" name="demo" time="0.012"/>
  <system-out/>
</testsuite> <!-- com.rameshsoft.automation.seleniumadv.Demo3 -->
