<?xml version="1.0" encoding="UTF-8"?>
<!-- Generated by org.testng.reporters.JUnitReportReporter -->
<testsuite hostname="LAPTOP-JD64RE6Q" failures="0" tests="1" name="com.rameshsoft.automation.seleniumcore1.Demo5" time="0.005" errors="0" timestamp="2021-10-19T00:01:06 IST" skipped="0">
  <testcase classname="com.rameshsoft.automation.seleniumcore1.Demo5" name="job5" time="0.005"/>
  <system-out/>
</testsuite> <!-- com.rameshsoft.automation.seleniumcore1.Demo5 -->
