<?xml version="1.0" encoding="UTF-8"?>
<!-- Generated by org.testng.reporters.JUnitReportReporter -->
<testsuite hostname="LAPTOP-JD64RE6Q" failures="0" tests="2" name="com.rameshsoft.automation.seleniumadv.Demo2" time="0.037" errors="0" timestamp="2021-11-13T11:49:41 IST" skipped="0">
  <testcase classname="com.rameshsoft.automation.seleniumadv.Demo2" name="job2" time="0.034"/>
  <system-out/>
  <testcase classname="com.rameshsoft.automation.seleniumadv.Demo2" name="practice2" time="0.003"/>
  <system-out/>
</testsuite> <!-- com.rameshsoft.automation.seleniumadv.Demo2 -->
