<?xml version="1.0" encoding="UTF-8"?>
<!-- Generated by org.testng.reporters.JUnitReportReporter -->
<testsuite hostname="LAPTOP-JD64RE6Q" failures="0" tests="1" name="com.rameshsoft.automation.seleniumcore1.Demo3" time="0.011" errors="0" timestamp="2021-10-19T00:01:49 IST" skipped="0">
  <testcase classname="com.rameshsoft.automation.seleniumcore1.Demo3" name="practice3" time="0.011"/>
  <system-out/>
</testsuite> <!-- com.rameshsoft.automation.seleniumcore1.Demo3 -->
