<?xml version="1.0" encoding="UTF-8"?>
<!-- Generated by org.testng.reporters.JUnitReportReporter -->
<testsuite hostname="LAPTOP-JD64RE6Q" failures="0" tests="2" name="com.automation.Demo2" time="0.004" errors="0" timestamp="2021-12-29T20:18:41 IST" skipped="0">
  <testcase classname="com.automation.Demo2" name="job2" time="0.003"/>
  <system-out/>
  <testcase classname="com.automation.Demo2" name="practice2" time="0.001"/>
  <system-out/>
</testsuite> <!-- com.automation.Demo2 -->
