<?xml version="1.0" encoding="UTF-8"?>
<!-- Generated by org.testng.reporters.JUnitReportReporter -->
<testsuite hostname="LAPTOP-JD64RE6Q" failures="0" tests="2" name="com.automation1.Demo3" time="0.017" errors="0" timestamp="2021-12-29T20:18:41 IST" skipped="0">
  <testcase classname="com.automation1.Demo3" name="job3" time="0.011"/>
  <system-out/>
  <testcase classname="com.automation1.Demo3" name="practice3" time="0.006"/>
  <system-out/>
</testsuite> <!-- com.automation1.Demo3 -->
