<?xml version="1.0" encoding="UTF-8"?>
<!-- Generated by org.testng.reporters.JUnitReportReporter -->
<testsuite hostname="LAPTOP-JD64RE6Q" failures="0" tests="1" name="Selenium.TestNgDemo" time="57.470" errors="0" timestamp="2021-12-29T20:24:07 IST" skipped="0">
  <testcase classname="Selenium.TestNgDemo" name="gmailLoginTestCase" time="57.470"/>
  <system-out/>
</testsuite> <!-- Selenium.TestNgDemo -->
