<?xml version="1.0" encoding="UTF-8"?>
<!-- Generated by org.testng.reporters.JUnitReportReporter -->
<testsuite hostname="LAPTOP-JD64RE6Q" failures="0" tests="1" name="frame2.GmailTest" time="7.822" errors="0" timestamp="2022-01-01T12:02:28 IST" skipped="0">
  <testcase classname="frame2.GmailTest" name="gmailTest" time="7.822"/>
  <system-out/>
</testsuite> <!-- frame2.GmailTest -->
